<?xml version="1.0" encoding="UTF-8"?>
<testsuite xmlns:xsi="http://www.w3.org/2001/XMLSchema-instance" xsi:noNamespaceSchemaLocation="https://maven.apache.org/surefire/maven-surefire-plugin/xsd/surefire-test-report.xsd" name="com.stakater.nordmart.customer.service.CustomerServiceIntegrationTest" time="32.982" tests="4" errors="0" skipped="0" failures="0">
  <properties>
    <property name="awt.toolkit" value="sun.awt.X11.XToolkit"/>
    <property name="file.encoding.pkg" value="sun.io"/>
    <property name="java.specification.version" value="1.8"/>
    <property name="sun.cpu.isalist" value=""/>
    <property name="sun.jnu.encoding" value="UTF-8"/>
    <property name="java.class.path" value="/home/jenkins/workspace/takater-nordmart-customer_master/target/test-classes:/home/jenkins/workspace/takater-nordmart-customer_master/target/classes:/root/.m2/repository/org/keycloak/keycloak-spring-boot-starter/8.0.1/keycloak-spring-boot-starter-8.0.1.jar:/root/.m2/repository/org/keycloak/keycloak-spring-boot-2-adapter/8.0.1/keycloak-spring-boot-2-adapter-8.0.1.jar:/root/.m2/repository/org/keycloak/keycloak-spring-boot-adapter-core/8.0.1/keycloak-spring-boot-adapter-core-8.0.1.jar:/root/.m2/repository/org/jboss/logging/jboss-logging/3.4.1.Final/jboss-logging-3.4.1.Final.jar:/root/.m2/repository/org/keycloak/keycloak-core/8.0.1/keycloak-core-8.0.1.jar:/root/.m2/repository/org/keycloak/keycloak-common/8.0.1/keycloak-common-8.0.1.jar:/root/.m2/repository/com/sun/activation/jakarta.activation/1.2.1/jakarta.activation-1.2.1.jar:/root/.m2/repository/org/bouncycastle/bcpkix-jdk15on/1.60/bcpkix-jdk15on-1.60.jar:/root/.m2/repository/org/keycloak/keycloak-authz-client/8.0.1/keycloak-authz-client-8.0.1.jar:/root/.m2/repository/org/apache/httpcomponents/httpclient/4.5.10/httpclient-4.5.10.jar:/root/.m2/repository/org/springframework/boot/spring-boot-starter/2.2.2.RELEASE/spring-boot-starter-2.2.2.RELEASE.jar:/root/.m2/repository/org/springframework/boot/spring-boot/2.2.2.RELEASE/spring-boot-2.2.2.RELEASE.jar:/root/.m2/repository/org/springframework/boot/spring-boot-autoconfigure/2.2.2.RELEASE/spring-boot-autoconfigure-2.2.2.RELEASE.jar:/root/.m2/repository/org/springframework/boot/spring-boot-starter-logging/2.2.2.RELEASE/spring-boot-starter-logging-2.2.2.RELEASE.jar:/root/.m2/repository/org/apache/logging/log4j/log4j-to-slf4j/2.12.1/log4j-to-slf4j-2.12.1.jar:/root/.m2/repository/org/apache/logging/log4j/log4j-api/2.12.1/log4j-api-2.12.1.jar:/root/.m2/repository/org/slf4j/jul-to-slf4j/1.7.29/jul-to-slf4j-1.7.29.jar:/root/.m2/repository/jakarta/annotation/jakarta.annotation-api/1.3.5/jakarta.annotation-api-1.3.5.jar:/root/.m2/repository/org/yaml/snakeyaml/1.25/snakeyaml-1.25.jar:/root/.m2/repository/org/keycloak/spring-boot-container-bundle/8.0.1/spring-boot-container-bundle-8.0.1.jar:/root/.m2/repository/org/keycloak/keycloak-spring-security-adapter/8.0.1/keycloak-spring-security-adapter-8.0.1.jar:/root/.m2/repository/org/keycloak/keycloak-adapter-spi/8.0.1/keycloak-adapter-spi-8.0.1.jar:/root/.m2/repository/org/keycloak/keycloak-adapter-core/8.0.1/keycloak-adapter-core-8.0.1.jar:/root/.m2/repository/org/bouncycastle/bcprov-jdk15on/1.60/bcprov-jdk15on-1.60.jar:/root/.m2/repository/com/fasterxml/jackson/core/jackson-core/2.10.1/jackson-core-2.10.1.jar:/root/.m2/repository/com/fasterxml/jackson/core/jackson-databind/2.10.1/jackson-databind-2.10.1.jar:/root/.m2/repository/com/fasterxml/jackson/core/jackson-annotations/2.10.1/jackson-annotations-2.10.1.jar:/root/.m2/repository/org/springframework/boot/spring-boot-starter-actuator/2.2.2.RELEASE/spring-boot-starter-actuator-2.2.2.RELEASE.jar:/root/.m2/repository/org/springframework/boot/spring-boot-actuator-autoconfigure/2.2.2.RELEASE/spring-boot-actuator-autoconfigure-2.2.2.RELEASE.jar:/root/.m2/repository/org/springframework/boot/spring-boot-actuator/2.2.2.RELEASE/spring-boot-actuator-2.2.2.RELEASE.jar:/root/.m2/repository/com/fasterxml/jackson/datatype/jackson-datatype-jsr310/2.10.1/jackson-datatype-jsr310-2.10.1.jar:/root/.m2/repository/io/micrometer/micrometer-core/1.3.1/micrometer-core-1.3.1.jar:/root/.m2/repository/org/hdrhistogram/HdrHistogram/2.1.11/HdrHistogram-2.1.11.jar:/root/.m2/repository/org/latencyutils/LatencyUtils/2.0.3/LatencyUtils-2.0.3.jar:/root/.m2/repository/org/springframework/boot/spring-boot-starter-data-cassandra/2.2.2.RELEASE/spring-boot-starter-data-cassandra-2.2.2.RELEASE.jar:/root/.m2/repository/org/springframework/spring-tx/5.2.2.RELEASE/spring-tx-5.2.2.RELEASE.jar:/root/.m2/repository/org/springframework/spring-beans/5.2.2.RELEASE/spring-beans-5.2.2.RELEASE.jar:/root/.m2/repository/org/springframework/data/spring-data-cassandra/2.2.3.RELEASE/spring-data-cassandra-2.2.3.RELEASE.jar:/root/.m2/repository/org/springframework/spring-expression/5.2.2.RELEASE/spring-expression-5.2.2.RELEASE.jar:/root/.m2/repository/org/springframework/data/spring-data-commons/2.2.3.RELEASE/spring-data-commons-2.2.3.RELEASE.jar:/root/.m2/repository/com/datastax/cassandra/cassandra-driver-core/3.7.2/cassandra-driver-core-3.7.2.jar:/root/.m2/repository/org/springframework/boot/spring-boot-starter-web/2.2.2.RELEASE/spring-boot-starter-web-2.2.2.RELEASE.jar:/root/.m2/repository/org/springframework/boot/spring-boot-starter-json/2.2.2.RELEASE/spring-boot-starter-json-2.2.2.RELEASE.jar:/root/.m2/repository/com/fasterxml/jackson/datatype/jackson-datatype-jdk8/2.10.1/jackson-datatype-jdk8-2.10.1.jar:/root/.m2/repository/com/fasterxml/jackson/module/jackson-module-parameter-names/2.10.1/jackson-module-parameter-names-2.10.1.jar:/root/.m2/repository/org/springframework/boot/spring-boot-starter-tomcat/2.2.2.RELEASE/spring-boot-starter-tomcat-2.2.2.RELEASE.jar:/root/.m2/repository/org/apache/tomcat/embed/tomcat-embed-core/9.0.29/tomcat-embed-core-9.0.29.jar:/root/.m2/repository/org/apache/tomcat/embed/tomcat-embed-el/9.0.29/tomcat-embed-el-9.0.29.jar:/root/.m2/repository/org/apache/tomcat/embed/tomcat-embed-websocket/9.0.29/tomcat-embed-websocket-9.0.29.jar:/root/.m2/repository/org/springframework/boot/spring-boot-starter-validation/2.2.2.RELEASE/spring-boot-starter-validation-2.2.2.RELEASE.jar:/root/.m2/repository/jakarta/validation/jakarta.validation-api/2.0.1/jakarta.validation-api-2.0.1.jar:/root/.m2/repository/org/hibernate/validator/hibernate-validator/6.0.18.Final/hibernate-validator-6.0.18.Final.jar:/root/.m2/repository/com/fasterxml/classmate/1.5.1/classmate-1.5.1.jar:/root/.m2/repository/org/springframework/spring-web/5.2.2.RELEASE/spring-web-5.2.2.RELEASE.jar:/root/.m2/repository/org/springframework/spring-webmvc/5.2.2.RELEASE/spring-webmvc-5.2.2.RELEASE.jar:/root/.m2/repository/org/springframework/spring-aop/5.2.2.RELEASE/spring-aop-5.2.2.RELEASE.jar:/root/.m2/repository/org/springframework/boot/spring-boot-starter-test/2.2.2.RELEASE/spring-boot-starter-test-2.2.2.RELEASE.jar:/root/.m2/repository/org/springframework/boot/spring-boot-test/2.2.2.RELEASE/spring-boot-test-2.2.2.RELEASE.jar:/root/.m2/repository/org/springframework/boot/spring-boot-test-autoconfigure/2.2.2.RELEASE/spring-boot-test-autoconfigure-2.2.2.RELEASE.jar:/root/.m2/repository/com/jayway/jsonpath/json-path/2.4.0/json-path-2.4.0.jar:/root/.m2/repository/net/minidev/json-smart/2.3/json-smart-2.3.jar:/root/.m2/repository/net/minidev/accessors-smart/1.2/accessors-smart-1.2.jar:/root/.m2/repository/jakarta/xml/bind/jakarta.xml.bind-api/2.3.2/jakarta.xml.bind-api-2.3.2.jar:/root/.m2/repository/jakarta/activation/jakarta.activation-api/1.2.1/jakarta.activation-api-1.2.1.jar:/root/.m2/repository/org/junit/jupiter/junit-jupiter/5.4.2/junit-jupiter-5.4.2.jar:/root/.m2/repository/org/assertj/assertj-core/3.13.2/assertj-core-3.13.2.jar:/root/.m2/repository/org/hamcrest/hamcrest/2.1/hamcrest-2.1.jar:/root/.m2/repository/org/mockito/mockito-core/3.1.0/mockito-core-3.1.0.jar:/root/.m2/repository/net/bytebuddy/byte-buddy/1.10.4/byte-buddy-1.10.4.jar:/root/.m2/repository/net/bytebuddy/byte-buddy-agent/1.10.4/byte-buddy-agent-1.10.4.jar:/root/.m2/repository/org/objenesis/objenesis/2.6/objenesis-2.6.jar:/root/.m2/repository/org/skyscreamer/jsonassert/1.5.0/jsonassert-1.5.0.jar:/root/.m2/repository/com/vaadin/external/google/android-json/0.0.20131108.vaadin1/android-json-0.0.20131108.vaadin1.jar:/root/.m2/repository/org/springframework/spring-core/5.2.2.RELEASE/spring-core-5.2.2.RELEASE.jar:/root/.m2/repository/org/springframework/spring-jcl/5.2.2.RELEASE/spring-jcl-5.2.2.RELEASE.jar:/root/.m2/repository/org/springframework/spring-test/5.2.2.RELEASE/spring-test-5.2.2.RELEASE.jar:/root/.m2/repository/org/xmlunit/xmlunit-core/2.6.3/xmlunit-core-2.6.3.jar:/root/.m2/repository/org/projectlombok/lombok/1.18.10/lombok-1.18.10.jar:/root/.m2/repository/org/junit/jupiter/junit-jupiter-engine/5.4.2/junit-jupiter-engine-5.4.2.jar:/root/.m2/repository/org/apiguardian/apiguardian-api/1.0.0/apiguardian-api-1.0.0.jar:/root/.m2/repository/org/junit/platform/junit-platform-engine/1.4.2/junit-platform-engine-1.4.2.jar:/root/.m2/repository/org/opentest4j/opentest4j/1.1.1/opentest4j-1.1.1.jar:/root/.m2/repository/org/junit/platform/junit-platform-commons/1.4.2/junit-platform-commons-1.4.2.jar:/root/.m2/repository/org/junit/jupiter/junit-jupiter-api/5.4.2/junit-jupiter-api-5.4.2.jar:/root/.m2/repository/org/junit/jupiter/junit-jupiter-params/5.4.2/junit-jupiter-params-5.4.2.jar:/root/.m2/repository/org/mockito/mockito-junit-jupiter/2.23.0/mockito-junit-jupiter-2.23.0.jar:/root/.m2/repository/org/apache/commons/commons-lang3/3.9/commons-lang3-3.9.jar:/root/.m2/repository/org/cassandraunit/cassandra-unit-spring/3.5.0.1/cassandra-unit-spring-3.5.0.1.jar:/root/.m2/repository/org/springframework/spring-context/5.2.2.RELEASE/spring-context-5.2.2.RELEASE.jar:/root/.m2/repository/org/hamcrest/hamcrest-core/2.1/hamcrest-core-2.1.jar:/root/.m2/repository/org/hamcrest/hamcrest-library/2.1/hamcrest-library-2.1.jar:/root/.m2/repository/org/slf4j/slf4j-api/1.7.29/slf4j-api-1.7.29.jar:/root/.m2/repository/org/cassandraunit/cassandra-unit/3.5.0.1/cassandra-unit-3.5.0.1.jar:/root/.m2/repository/junit/junit/4.12/junit-4.12.jar:/root/.m2/repository/org/apache/cassandra/cassandra-all/3.11.2/cassandra-all-3.11.2.jar:/root/.m2/repository/org/xerial/snappy/snappy-java/1.1.1.7/snappy-java-1.1.1.7.jar:/root/.m2/repository/net/jpountz/lz4/lz4/1.3.0/lz4-1.3.0.jar:/root/.m2/repository/com/ning/compress-lzf/0.8.4/compress-lzf-0.8.4.jar:/root/.m2/repository/commons-cli/commons-cli/1.1/commons-cli-1.1.jar:/root/.m2/repository/commons-codec/commons-codec/1.13/commons-codec-1.13.jar:/root/.m2/repository/org/apache/commons/commons-math3/3.2/commons-math3-3.2.jar:/root/.m2/repository/com/googlecode/concurrentlinkedhashmap/concurrentlinkedhashmap-lru/1.4/concurrentlinkedhashmap-lru-1.4.jar:/root/.m2/repository/org/antlr/antlr/3.5.2/antlr-3.5.2.jar:/root/.m2/repository/org/antlr/ST4/4.0.8/ST4-4.0.8.jar:/root/.m2/repository/org/antlr/antlr-runtime/3.5.2/antlr-runtime-3.5.2.jar:/root/.m2/repository/org/slf4j/jcl-over-slf4j/1.7.29/jcl-over-slf4j-1.7.29.jar:/root/.m2/repository/org/codehaus/jackson/jackson-core-asl/1.9.2/jackson-core-asl-1.9.2.jar:/root/.m2/repository/org/codehaus/jackson/jackson-mapper-asl/1.9.2/jackson-mapper-asl-1.9.2.jar:/root/.m2/repository/com/googlecode/json-simple/json-simple/1.1/json-simple-1.1.jar:/root/.m2/repository/com/boundary/high-scale-lib/1.0.6/high-scale-lib-1.0.6.jar:/root/.m2/repository/org/mindrot/jbcrypt/0.3m/jbcrypt-0.3m.jar:/root/.m2/repository/io/dropwizard/metrics/metrics-core/4.1.1/metrics-core-4.1.1.jar:/root/.m2/repository/io/dropwizard/metrics/metrics-jvm/4.1.1/metrics-jvm-4.1.1.jar:/root/.m2/repository/com/addthis/metrics/reporter-config3/3.0.3/reporter-config3-3.0.3.jar:/root/.m2/repository/com/addthis/metrics/reporter-config-base/3.0.3/reporter-config-base-3.0.3.jar:/root/.m2/repository/com/thinkaurelius/thrift/thrift-server/0.3.7/thrift-server-0.3.7.jar:/root/.m2/repository/com/lmax/disruptor/3.0.1/disruptor-3.0.1.jar:/root/.m2/repository/com/clearspring/analytics/stream/2.5.2/stream-2.5.2.jar:/root/.m2/repository/it/unimi/dsi/fastutil/6.5.7/fastutil-6.5.7.jar:/root/.m2/repository/ch/qos/logback/logback-core/1.2.3/logback-core-1.2.3.jar:/root/.m2/repository/ch/qos/logback/logback-classic/1.2.3/logback-classic-1.2.3.jar:/root/.m2/repository/org/apache/cassandra/cassandra-thrift/3.11.2/cassandra-thrift-3.11.2.jar:/root/.m2/repository/com/carrotsearch/hppc/0.5.4/hppc-0.5.4.jar:/root/.m2/repository/de/jflex/jflex/1.6.0/jflex-1.6.0.jar:/root/.m2/repository/org/apache/ant/ant/1.7.0/ant-1.7.0.jar:/root/.m2/repository/org/apache/ant/ant-launcher/1.7.0/ant-launcher-1.7.0.jar:/root/.m2/repository/com/github/rholder/snowball-stemmer/1.3.0.581.1/snowball-stemmer-1.3.0.581.1.jar:/root/.m2/repository/com/googlecode/concurrent-trees/concurrent-trees/2.4.0/concurrent-trees-2.4.0.jar:/root/.m2/repository/com/github/jbellis/jamm/0.3.0/jamm-0.3.0.jar:/root/.m2/repository/joda-time/joda-time/2.10.5/joda-time-2.10.5.jar:/root/.m2/repository/org/fusesource/sigar/1.6.4/sigar-1.6.4.jar:/root/.m2/repository/org/eclipse/jdt/core/compiler/ecj/4.4.2/ecj-4.4.2.jar:/root/.m2/repository/org/caffinitas/ohc/ohc-core/0.4.4/ohc-core-0.4.4.jar:/root/.m2/repository/com/github/ben-manes/caffeine/caffeine/2.8.0/caffeine-2.8.0.jar:/root/.m2/repository/org/checkerframework/checker-qual/2.10.0/checker-qual-2.10.0.jar:/root/.m2/repository/com/google/errorprone/error_prone_annotations/2.3.3/error_prone_annotations-2.3.3.jar:/root/.m2/repository/org/jctools/jctools-core/1.2.1/jctools-core-1.2.1.jar:/root/.m2/repository/com/google/guava/guava/21.0/guava-21.0.jar:/root/.m2/repository/io/netty/netty-handler/4.1.43.Final/netty-handler-4.1.43.Final.jar:/root/.m2/repository/io/netty/netty-codec/4.1.43.Final/netty-codec-4.1.43.Final.jar:/root/.m2/repository/org/apache/thrift/libthrift/0.9.2/libthrift-0.9.2.jar:/root/.m2/repository/org/apache/httpcomponents/httpcore/4.4.12/httpcore-4.4.12.jar:/root/.m2/repository/net/java/dev/jna/jna/4.5.2/jna-4.5.2.jar:/root/.m2/repository/info/archinnov/achilles-embedded/5.3.1/achilles-embedded-5.3.1.jar:/root/.m2/repository/info/archinnov/achilles-common/5.3.1/achilles-common-5.3.1.jar:/root/.m2/repository/info/archinnov/achilles-model/5.3.1/achilles-model-5.3.1.jar:/root/.m2/repository/commons-collections/commons-collections/3.2.2/commons-collections-3.2.2.jar:/root/.m2/repository/com/datastax/cassandra/cassandra-driver-core/3.3.0/cassandra-driver-core-3.3.0-shaded.jar:/root/.m2/repository/com/github/jnr/jnr-ffi/2.0.7/jnr-ffi-2.0.7.jar:/root/.m2/repository/com/github/jnr/jffi/1.2.10/jffi-1.2.10.jar:/root/.m2/repository/com/github/jnr/jffi/1.2.10/jffi-1.2.10-native.jar:/root/.m2/repository/org/ow2/asm/asm-commons/5.0.3/asm-commons-5.0.3.jar:/root/.m2/repository/org/ow2/asm/asm-analysis/5.0.3/asm-analysis-5.0.3.jar:/root/.m2/repository/org/ow2/asm/asm-tree/5.0.3/asm-tree-5.0.3.jar:/root/.m2/repository/org/ow2/asm/asm-util/5.0.3/asm-util-5.0.3.jar:/root/.m2/repository/com/github/jnr/jnr-x86asm/1.0.2/jnr-x86asm-1.0.2.jar:/root/.m2/repository/com/github/jnr/jnr-posix/3.0.27/jnr-posix-3.0.27.jar:/root/.m2/repository/com/github/jnr/jnr-constants/0.9.0/jnr-constants-0.9.0.jar:/root/.m2/repository/commons-io/commons-io/2.4/commons-io-2.4.jar:/root/.m2/repository/org/ow2/asm/asm/5.0.4/asm-5.0.4.jar:/root/.m2/repository/io/netty/netty-transport-native-epoll/4.1.43.Final/netty-transport-native-epoll-4.1.43.Final.jar:/root/.m2/repository/io/netty/netty-common/4.1.43.Final/netty-common-4.1.43.Final.jar:/root/.m2/repository/io/netty/netty-buffer/4.1.43.Final/netty-buffer-4.1.43.Final.jar:/root/.m2/repository/io/netty/netty-transport/4.1.43.Final/netty-transport-4.1.43.Final.jar:/root/.m2/repository/io/netty/netty-resolver/4.1.43.Final/netty-resolver-4.1.43.Final.jar:/root/.m2/repository/io/netty/netty-transport-native-unix-common/4.1.43.Final/netty-transport-native-unix-common-4.1.43.Final.jar:/root/.m2/repository/com/codahale/metrics/metrics-core/3.0.2/metrics-core-3.0.2.jar:"/>
    <property name="java.vm.vendor" value="Oracle Corporation"/>
    <property name="sun.arch.data.model" value="64"/>
    <property name="java.vendor.url" value="http://java.oracle.com/"/>
    <property name="user.timezone" value=""/>
    <property name="java.vm.specification.version" value="1.8"/>
    <property name="os.name" value="Linux"/>
    <property name="user.country" value="US"/>
    <property name="sun.java.launcher" value="SUN_STANDARD"/>
    <property name="sun.boot.library.path" value="/usr/lib/jvm/java-1.8-openjdk/jre/lib/amd64"/>
    <property name="sun.java.command" value="/home/jenkins/workspace/takater-nordmart-customer_master/target/surefire/surefirebooter6783070345411790916.jar /home/jenkins/workspace/takater-nordmart-customer_master/target/surefire 2020-02-11T09-07-55_076-jvmRun1 surefire5347493493332801045tmp surefire_04172962829277023804tmp"/>
    <property name="surefire.test.class.path" value="/home/jenkins/workspace/takater-nordmart-customer_master/target/test-classes:/home/jenkins/workspace/takater-nordmart-customer_master/target/classes:/root/.m2/repository/org/keycloak/keycloak-spring-boot-starter/8.0.1/keycloak-spring-boot-starter-8.0.1.jar:/root/.m2/repository/org/keycloak/keycloak-spring-boot-2-adapter/8.0.1/keycloak-spring-boot-2-adapter-8.0.1.jar:/root/.m2/repository/org/keycloak/keycloak-spring-boot-adapter-core/8.0.1/keycloak-spring-boot-adapter-core-8.0.1.jar:/root/.m2/repository/org/jboss/logging/jboss-logging/3.4.1.Final/jboss-logging-3.4.1.Final.jar:/root/.m2/repository/org/keycloak/keycloak-core/8.0.1/keycloak-core-8.0.1.jar:/root/.m2/repository/org/keycloak/keycloak-common/8.0.1/keycloak-common-8.0.1.jar:/root/.m2/repository/com/sun/activation/jakarta.activation/1.2.1/jakarta.activation-1.2.1.jar:/root/.m2/repository/org/bouncycastle/bcpkix-jdk15on/1.60/bcpkix-jdk15on-1.60.jar:/root/.m2/repository/org/keycloak/keycloak-authz-client/8.0.1/keycloak-authz-client-8.0.1.jar:/root/.m2/repository/org/apache/httpcomponents/httpclient/4.5.10/httpclient-4.5.10.jar:/root/.m2/repository/org/springframework/boot/spring-boot-starter/2.2.2.RELEASE/spring-boot-starter-2.2.2.RELEASE.jar:/root/.m2/repository/org/springframework/boot/spring-boot/2.2.2.RELEASE/spring-boot-2.2.2.RELEASE.jar:/root/.m2/repository/org/springframework/boot/spring-boot-autoconfigure/2.2.2.RELEASE/spring-boot-autoconfigure-2.2.2.RELEASE.jar:/root/.m2/repository/org/springframework/boot/spring-boot-starter-logging/2.2.2.RELEASE/spring-boot-starter-logging-2.2.2.RELEASE.jar:/root/.m2/repository/org/apache/logging/log4j/log4j-to-slf4j/2.12.1/log4j-to-slf4j-2.12.1.jar:/root/.m2/repository/org/apache/logging/log4j/log4j-api/2.12.1/log4j-api-2.12.1.jar:/root/.m2/repository/org/slf4j/jul-to-slf4j/1.7.29/jul-to-slf4j-1.7.29.jar:/root/.m2/repository/jakarta/annotation/jakarta.annotation-api/1.3.5/jakarta.annotation-api-1.3.5.jar:/root/.m2/repository/org/yaml/snakeyaml/1.25/snakeyaml-1.25.jar:/root/.m2/repository/org/keycloak/spring-boot-container-bundle/8.0.1/spring-boot-container-bundle-8.0.1.jar:/root/.m2/repository/org/keycloak/keycloak-spring-security-adapter/8.0.1/keycloak-spring-security-adapter-8.0.1.jar:/root/.m2/repository/org/keycloak/keycloak-adapter-spi/8.0.1/keycloak-adapter-spi-8.0.1.jar:/root/.m2/repository/org/keycloak/keycloak-adapter-core/8.0.1/keycloak-adapter-core-8.0.1.jar:/root/.m2/repository/org/bouncycastle/bcprov-jdk15on/1.60/bcprov-jdk15on-1.60.jar:/root/.m2/repository/com/fasterxml/jackson/core/jackson-core/2.10.1/jackson-core-2.10.1.jar:/root/.m2/repository/com/fasterxml/jackson/core/jackson-databind/2.10.1/jackson-databind-2.10.1.jar:/root/.m2/repository/com/fasterxml/jackson/core/jackson-annotations/2.10.1/jackson-annotations-2.10.1.jar:/root/.m2/repository/org/springframework/boot/spring-boot-starter-actuator/2.2.2.RELEASE/spring-boot-starter-actuator-2.2.2.RELEASE.jar:/root/.m2/repository/org/springframework/boot/spring-boot-actuator-autoconfigure/2.2.2.RELEASE/spring-boot-actuator-autoconfigure-2.2.2.RELEASE.jar:/root/.m2/repository/org/springframework/boot/spring-boot-actuator/2.2.2.RELEASE/spring-boot-actuator-2.2.2.RELEASE.jar:/root/.m2/repository/com/fasterxml/jackson/datatype/jackson-datatype-jsr310/2.10.1/jackson-datatype-jsr310-2.10.1.jar:/root/.m2/repository/io/micrometer/micrometer-core/1.3.1/micrometer-core-1.3.1.jar:/root/.m2/repository/org/hdrhistogram/HdrHistogram/2.1.11/HdrHistogram-2.1.11.jar:/root/.m2/repository/org/latencyutils/LatencyUtils/2.0.3/LatencyUtils-2.0.3.jar:/root/.m2/repository/org/springframework/boot/spring-boot-starter-data-cassandra/2.2.2.RELEASE/spring-boot-starter-data-cassandra-2.2.2.RELEASE.jar:/root/.m2/repository/org/springframework/spring-tx/5.2.2.RELEASE/spring-tx-5.2.2.RELEASE.jar:/root/.m2/repository/org/springframework/spring-beans/5.2.2.RELEASE/spring-beans-5.2.2.RELEASE.jar:/root/.m2/repository/org/springframework/data/spring-data-cassandra/2.2.3.RELEASE/spring-data-cassandra-2.2.3.RELEASE.jar:/root/.m2/repository/org/springframework/spring-expression/5.2.2.RELEASE/spring-expression-5.2.2.RELEASE.jar:/root/.m2/repository/org/springframework/data/spring-data-commons/2.2.3.RELEASE/spring-data-commons-2.2.3.RELEASE.jar:/root/.m2/repository/com/datastax/cassandra/cassandra-driver-core/3.7.2/cassandra-driver-core-3.7.2.jar:/root/.m2/repository/org/springframework/boot/spring-boot-starter-web/2.2.2.RELEASE/spring-boot-starter-web-2.2.2.RELEASE.jar:/root/.m2/repository/org/springframework/boot/spring-boot-starter-json/2.2.2.RELEASE/spring-boot-starter-json-2.2.2.RELEASE.jar:/root/.m2/repository/com/fasterxml/jackson/datatype/jackson-datatype-jdk8/2.10.1/jackson-datatype-jdk8-2.10.1.jar:/root/.m2/repository/com/fasterxml/jackson/module/jackson-module-parameter-names/2.10.1/jackson-module-parameter-names-2.10.1.jar:/root/.m2/repository/org/springframework/boot/spring-boot-starter-tomcat/2.2.2.RELEASE/spring-boot-starter-tomcat-2.2.2.RELEASE.jar:/root/.m2/repository/org/apache/tomcat/embed/tomcat-embed-core/9.0.29/tomcat-embed-core-9.0.29.jar:/root/.m2/repository/org/apache/tomcat/embed/tomcat-embed-el/9.0.29/tomcat-embed-el-9.0.29.jar:/root/.m2/repository/org/apache/tomcat/embed/tomcat-embed-websocket/9.0.29/tomcat-embed-websocket-9.0.29.jar:/root/.m2/repository/org/springframework/boot/spring-boot-starter-validation/2.2.2.RELEASE/spring-boot-starter-validation-2.2.2.RELEASE.jar:/root/.m2/repository/jakarta/validation/jakarta.validation-api/2.0.1/jakarta.validation-api-2.0.1.jar:/root/.m2/repository/org/hibernate/validator/hibernate-validator/6.0.18.Final/hibernate-validator-6.0.18.Final.jar:/root/.m2/repository/com/fasterxml/classmate/1.5.1/classmate-1.5.1.jar:/root/.m2/repository/org/springframework/spring-web/5.2.2.RELEASE/spring-web-5.2.2.RELEASE.jar:/root/.m2/repository/org/springframework/spring-webmvc/5.2.2.RELEASE/spring-webmvc-5.2.2.RELEASE.jar:/root/.m2/repository/org/springframework/spring-aop/5.2.2.RELEASE/spring-aop-5.2.2.RELEASE.jar:/root/.m2/repository/org/springframework/boot/spring-boot-starter-test/2.2.2.RELEASE/spring-boot-starter-test-2.2.2.RELEASE.jar:/root/.m2/repository/org/springframework/boot/spring-boot-test/2.2.2.RELEASE/spring-boot-test-2.2.2.RELEASE.jar:/root/.m2/repository/org/springframework/boot/spring-boot-test-autoconfigure/2.2.2.RELEASE/spring-boot-test-autoconfigure-2.2.2.RELEASE.jar:/root/.m2/repository/com/jayway/jsonpath/json-path/2.4.0/json-path-2.4.0.jar:/root/.m2/repository/net/minidev/json-smart/2.3/json-smart-2.3.jar:/root/.m2/repository/net/minidev/accessors-smart/1.2/accessors-smart-1.2.jar:/root/.m2/repository/jakarta/xml/bind/jakarta.xml.bind-api/2.3.2/jakarta.xml.bind-api-2.3.2.jar:/root/.m2/repository/jakarta/activation/jakarta.activation-api/1.2.1/jakarta.activation-api-1.2.1.jar:/root/.m2/repository/org/junit/jupiter/junit-jupiter/5.4.2/junit-jupiter-5.4.2.jar:/root/.m2/repository/org/assertj/assertj-core/3.13.2/assertj-core-3.13.2.jar:/root/.m2/repository/org/hamcrest/hamcrest/2.1/hamcrest-2.1.jar:/root/.m2/repository/org/mockito/mockito-core/3.1.0/mockito-core-3.1.0.jar:/root/.m2/repository/net/bytebuddy/byte-buddy/1.10.4/byte-buddy-1.10.4.jar:/root/.m2/repository/net/bytebuddy/byte-buddy-agent/1.10.4/byte-buddy-agent-1.10.4.jar:/root/.m2/repository/org/objenesis/objenesis/2.6/objenesis-2.6.jar:/root/.m2/repository/org/skyscreamer/jsonassert/1.5.0/jsonassert-1.5.0.jar:/root/.m2/repository/com/vaadin/external/google/android-json/0.0.20131108.vaadin1/android-json-0.0.20131108.vaadin1.jar:/root/.m2/repository/org/springframework/spring-core/5.2.2.RELEASE/spring-core-5.2.2.RELEASE.jar:/root/.m2/repository/org/springframework/spring-jcl/5.2.2.RELEASE/spring-jcl-5.2.2.RELEASE.jar:/root/.m2/repository/org/springframework/spring-test/5.2.2.RELEASE/spring-test-5.2.2.RELEASE.jar:/root/.m2/repository/org/xmlunit/xmlunit-core/2.6.3/xmlunit-core-2.6.3.jar:/root/.m2/repository/org/projectlombok/lombok/1.18.10/lombok-1.18.10.jar:/root/.m2/repository/org/junit/jupiter/junit-jupiter-engine/5.4.2/junit-jupiter-engine-5.4.2.jar:/root/.m2/repository/org/apiguardian/apiguardian-api/1.0.0/apiguardian-api-1.0.0.jar:/root/.m2/repository/org/junit/platform/junit-platform-engine/1.4.2/junit-platform-engine-1.4.2.jar:/root/.m2/repository/org/opentest4j/opentest4j/1.1.1/opentest4j-1.1.1.jar:/root/.m2/repository/org/junit/platform/junit-platform-commons/1.4.2/junit-platform-commons-1.4.2.jar:/root/.m2/repository/org/junit/jupiter/junit-jupiter-api/5.4.2/junit-jupiter-api-5.4.2.jar:/root/.m2/repository/org/junit/jupiter/junit-jupiter-params/5.4.2/junit-jupiter-params-5.4.2.jar:/root/.m2/repository/org/mockito/mockito-junit-jupiter/2.23.0/mockito-junit-jupiter-2.23.0.jar:/root/.m2/repository/org/apache/commons/commons-lang3/3.9/commons-lang3-3.9.jar:/root/.m2/repository/org/cassandraunit/cassandra-unit-spring/3.5.0.1/cassandra-unit-spring-3.5.0.1.jar:/root/.m2/repository/org/springframework/spring-context/5.2.2.RELEASE/spring-context-5.2.2.RELEASE.jar:/root/.m2/repository/org/hamcrest/hamcrest-core/2.1/hamcrest-core-2.1.jar:/root/.m2/repository/org/hamcrest/hamcrest-library/2.1/hamcrest-library-2.1.jar:/root/.m2/repository/org/slf4j/slf4j-api/1.7.29/slf4j-api-1.7.29.jar:/root/.m2/repository/org/cassandraunit/cassandra-unit/3.5.0.1/cassandra-unit-3.5.0.1.jar:/root/.m2/repository/junit/junit/4.12/junit-4.12.jar:/root/.m2/repository/org/apache/cassandra/cassandra-all/3.11.2/cassandra-all-3.11.2.jar:/root/.m2/repository/org/xerial/snappy/snappy-java/1.1.1.7/snappy-java-1.1.1.7.jar:/root/.m2/repository/net/jpountz/lz4/lz4/1.3.0/lz4-1.3.0.jar:/root/.m2/repository/com/ning/compress-lzf/0.8.4/compress-lzf-0.8.4.jar:/root/.m2/repository/commons-cli/commons-cli/1.1/commons-cli-1.1.jar:/root/.m2/repository/commons-codec/commons-codec/1.13/commons-codec-1.13.jar:/root/.m2/repository/org/apache/commons/commons-math3/3.2/commons-math3-3.2.jar:/root/.m2/repository/com/googlecode/concurrentlinkedhashmap/concurrentlinkedhashmap-lru/1.4/concurrentlinkedhashmap-lru-1.4.jar:/root/.m2/repository/org/antlr/antlr/3.5.2/antlr-3.5.2.jar:/root/.m2/repository/org/antlr/ST4/4.0.8/ST4-4.0.8.jar:/root/.m2/repository/org/antlr/antlr-runtime/3.5.2/antlr-runtime-3.5.2.jar:/root/.m2/repository/org/slf4j/jcl-over-slf4j/1.7.29/jcl-over-slf4j-1.7.29.jar:/root/.m2/repository/org/codehaus/jackson/jackson-core-asl/1.9.2/jackson-core-asl-1.9.2.jar:/root/.m2/repository/org/codehaus/jackson/jackson-mapper-asl/1.9.2/jackson-mapper-asl-1.9.2.jar:/root/.m2/repository/com/googlecode/json-simple/json-simple/1.1/json-simple-1.1.jar:/root/.m2/repository/com/boundary/high-scale-lib/1.0.6/high-scale-lib-1.0.6.jar:/root/.m2/repository/org/mindrot/jbcrypt/0.3m/jbcrypt-0.3m.jar:/root/.m2/repository/io/dropwizard/metrics/metrics-core/4.1.1/metrics-core-4.1.1.jar:/root/.m2/repository/io/dropwizard/metrics/metrics-jvm/4.1.1/metrics-jvm-4.1.1.jar:/root/.m2/repository/com/addthis/metrics/reporter-config3/3.0.3/reporter-config3-3.0.3.jar:/root/.m2/repository/com/addthis/metrics/reporter-config-base/3.0.3/reporter-config-base-3.0.3.jar:/root/.m2/repository/com/thinkaurelius/thrift/thrift-server/0.3.7/thrift-server-0.3.7.jar:/root/.m2/repository/com/lmax/disruptor/3.0.1/disruptor-3.0.1.jar:/root/.m2/repository/com/clearspring/analytics/stream/2.5.2/stream-2.5.2.jar:/root/.m2/repository/it/unimi/dsi/fastutil/6.5.7/fastutil-6.5.7.jar:/root/.m2/repository/ch/qos/logback/logback-core/1.2.3/logback-core-1.2.3.jar:/root/.m2/repository/ch/qos/logback/logback-classic/1.2.3/logback-classic-1.2.3.jar:/root/.m2/repository/org/apache/cassandra/cassandra-thrift/3.11.2/cassandra-thrift-3.11.2.jar:/root/.m2/repository/com/carrotsearch/hppc/0.5.4/hppc-0.5.4.jar:/root/.m2/repository/de/jflex/jflex/1.6.0/jflex-1.6.0.jar:/root/.m2/repository/org/apache/ant/ant/1.7.0/ant-1.7.0.jar:/root/.m2/repository/org/apache/ant/ant-launcher/1.7.0/ant-launcher-1.7.0.jar:/root/.m2/repository/com/github/rholder/snowball-stemmer/1.3.0.581.1/snowball-stemmer-1.3.0.581.1.jar:/root/.m2/repository/com/googlecode/concurrent-trees/concurrent-trees/2.4.0/concurrent-trees-2.4.0.jar:/root/.m2/repository/com/github/jbellis/jamm/0.3.0/jamm-0.3.0.jar:/root/.m2/repository/joda-time/joda-time/2.10.5/joda-time-2.10.5.jar:/root/.m2/repository/org/fusesource/sigar/1.6.4/sigar-1.6.4.jar:/root/.m2/repository/org/eclipse/jdt/core/compiler/ecj/4.4.2/ecj-4.4.2.jar:/root/.m2/repository/org/caffinitas/ohc/ohc-core/0.4.4/ohc-core-0.4.4.jar:/root/.m2/repository/com/github/ben-manes/caffeine/caffeine/2.8.0/caffeine-2.8.0.jar:/root/.m2/repository/org/checkerframework/checker-qual/2.10.0/checker-qual-2.10.0.jar:/root/.m2/repository/com/google/errorprone/error_prone_annotations/2.3.3/error_prone_annotations-2.3.3.jar:/root/.m2/repository/org/jctools/jctools-core/1.2.1/jctools-core-1.2.1.jar:/root/.m2/repository/com/google/guava/guava/21.0/guava-21.0.jar:/root/.m2/repository/io/netty/netty-handler/4.1.43.Final/netty-handler-4.1.43.Final.jar:/root/.m2/repository/io/netty/netty-codec/4.1.43.Final/netty-codec-4.1.43.Final.jar:/root/.m2/repository/org/apache/thrift/libthrift/0.9.2/libthrift-0.9.2.jar:/root/.m2/repository/org/apache/httpcomponents/httpcore/4.4.12/httpcore-4.4.12.jar:/root/.m2/repository/net/java/dev/jna/jna/4.5.2/jna-4.5.2.jar:/root/.m2/repository/info/archinnov/achilles-embedded/5.3.1/achilles-embedded-5.3.1.jar:/root/.m2/repository/info/archinnov/achilles-common/5.3.1/achilles-common-5.3.1.jar:/root/.m2/repository/info/archinnov/achilles-model/5.3.1/achilles-model-5.3.1.jar:/root/.m2/repository/commons-collections/commons-collections/3.2.2/commons-collections-3.2.2.jar:/root/.m2/repository/com/datastax/cassandra/cassandra-driver-core/3.3.0/cassandra-driver-core-3.3.0-shaded.jar:/root/.m2/repository/com/github/jnr/jnr-ffi/2.0.7/jnr-ffi-2.0.7.jar:/root/.m2/repository/com/github/jnr/jffi/1.2.10/jffi-1.2.10.jar:/root/.m2/repository/com/github/jnr/jffi/1.2.10/jffi-1.2.10-native.jar:/root/.m2/repository/org/ow2/asm/asm-commons/5.0.3/asm-commons-5.0.3.jar:/root/.m2/repository/org/ow2/asm/asm-analysis/5.0.3/asm-analysis-5.0.3.jar:/root/.m2/repository/org/ow2/asm/asm-tree/5.0.3/asm-tree-5.0.3.jar:/root/.m2/repository/org/ow2/asm/asm-util/5.0.3/asm-util-5.0.3.jar:/root/.m2/repository/com/github/jnr/jnr-x86asm/1.0.2/jnr-x86asm-1.0.2.jar:/root/.m2/repository/com/github/jnr/jnr-posix/3.0.27/jnr-posix-3.0.27.jar:/root/.m2/repository/com/github/jnr/jnr-constants/0.9.0/jnr-constants-0.9.0.jar:/root/.m2/repository/commons-io/commons-io/2.4/commons-io-2.4.jar:/root/.m2/repository/org/ow2/asm/asm/5.0.4/asm-5.0.4.jar:/root/.m2/repository/io/netty/netty-transport-native-epoll/4.1.43.Final/netty-transport-native-epoll-4.1.43.Final.jar:/root/.m2/repository/io/netty/netty-common/4.1.43.Final/netty-common-4.1.43.Final.jar:/root/.m2/repository/io/netty/netty-buffer/4.1.43.Final/netty-buffer-4.1.43.Final.jar:/root/.m2/repository/io/netty/netty-transport/4.1.43.Final/netty-transport-4.1.43.Final.jar:/root/.m2/repository/io/netty/netty-resolver/4.1.43.Final/netty-resolver-4.1.43.Final.jar:/root/.m2/repository/io/netty/netty-transport-native-unix-common/4.1.43.Final/netty-transport-native-unix-common-4.1.43.Final.jar:/root/.m2/repository/com/codahale/metrics/metrics-core/3.0.2/metrics-core-3.0.2.jar:"/>
    <property name="sun.cpu.endian" value="little"/>
    <property name="user.home" value="/root"/>
    <property name="user.language" value="en"/>
    <property name="java.specification.vendor" value="Oracle Corporation"/>
    <property name="java.home" value="/usr/lib/jvm/java-1.8-openjdk/jre"/>
    <property name="basedir" value="/home/jenkins/workspace/takater-nordmart-customer_master"/>
    <property name="file.separator" value="/"/>
    <property name="line.separator" value="&#10;"/>
    <property name="java.vm.specification.vendor" value="Oracle Corporation"/>
    <property name="java.specification.name" value="Java Platform API Specification"/>
    <property name="java.awt.graphicsenv" value="sun.awt.X11GraphicsEnvironment"/>
    <property name="surefire.real.class.path" value="/home/jenkins/workspace/takater-nordmart-customer_master/target/surefire/surefirebooter6783070345411790916.jar"/>
    <property name="sun.boot.class.path" value="/usr/lib/jvm/java-1.8-openjdk/jre/lib/resources.jar:/usr/lib/jvm/java-1.8-openjdk/jre/lib/rt.jar:/usr/lib/jvm/java-1.8-openjdk/jre/lib/sunrsasign.jar:/usr/lib/jvm/java-1.8-openjdk/jre/lib/jsse.jar:/usr/lib/jvm/java-1.8-openjdk/jre/lib/jce.jar:/usr/lib/jvm/java-1.8-openjdk/jre/lib/charsets.jar:/usr/lib/jvm/java-1.8-openjdk/jre/lib/jfr.jar:/usr/lib/jvm/java-1.8-openjdk/jre/classes"/>
    <property name="sun.management.compiler" value="HotSpot 64-Bit Tiered Compilers"/>
    <property name="java.runtime.version" value="1.8.0_171-b11"/>
    <property name="user.name" value="root"/>
    <property name="path.separator" value=":"/>
    <property name="os.version" value="4.14.67-coreos"/>
    <property name="java.endorsed.dirs" value="/usr/lib/jvm/java-1.8-openjdk/jre/lib/endorsed"/>
    <property name="java.runtime.name" value="OpenJDK Runtime Environment"/>
    <property name="file.encoding" value="UTF-8"/>
    <property name="java.vm.name" value="OpenJDK 64-Bit Server VM"/>
    <property name="localRepository" value="/root/.m2/repository"/>
    <property name="java.vendor.url.bug" value="http://bugreport.sun.com/bugreport/"/>
    <property name="java.io.tmpdir" value="/tmp"/>
    <property name="java.version" value="1.8.0_171"/>
    <property name="user.dir" value="/home/jenkins/workspace/takater-nordmart-customer_master"/>
    <property name="os.arch" value="amd64"/>
    <property name="java.vm.specification.name" value="Java Virtual Machine Specification"/>
    <property name="java.awt.printerjob" value="sun.print.PSPrinterJob"/>
    <property name="sun.os.patch.level" value="unknown"/>
    <property name="java.library.path" value="/usr/lib/jvm/java-1.8-openjdk/jre/lib/amd64/server:/usr/lib/jvm/java-1.8-openjdk/jre/lib/amd64:/usr/lib/jvm/java-1.8-openjdk/jre/../lib/amd64:/usr/java/packages/lib/amd64:/usr/lib64:/lib64:/lib:/usr/lib"/>
    <property name="java.vm.info" value="mixed mode"/>
    <property name="java.vendor" value="Oracle Corporation"/>
    <property name="java.vm.version" value="25.171-b11"/>
    <property name="java.ext.dirs" value="/usr/lib/jvm/java-1.8-openjdk/jre/lib/ext:/usr/java/packages/lib/ext"/>
    <property name="sun.io.unicode.encoding" value="UnicodeLittle"/>
    <property name="java.class.version" value="52.0"/>
  </properties>
  <testcase name="whenGetByEmail_thenReturnCustomer{Customer}[1]" classname="com.stakater.nordmart.customer.service.CustomerServiceIntegrationTest" time="1.229"/>
  <testcase name="whenGetById_thenReturnCustomer{Customer}[1]" classname="com.stakater.nordmart.customer.service.CustomerServiceIntegrationTest" time="0.242"/>
  <testcase name="whenEntityNull_thenThrowException" classname="com.stakater.nordmart.customer.service.CustomerServiceIntegrationTest" time="0.387"/>
  <testcase name="whenCreate_thenReturnCustomer{Customer}[1]" classname="com.stakater.nordmart.customer.service.CustomerServiceIntegrationTest" time="0.334"/>
</testsuite>